[Architectury Transformer] Architectury Runtime 5.2.81
[Architectury Transformer DEBUG] Closed File Systems for C:\Users\Lukeon214\Documents\stellaris\Stellaris-main\common\build\devlibs\Stellaris-1.0-dev.jar
[Architectury Transformer DEBUG] Preparing tiny remapper prepared transformer: dev.architectury.transformer.handler.TinyRemapperPreparedTransformerHandler
[Architectury Transformer DEBUG] Provided 113 classpath jar(s):
[Architectury Transformer DEBUG]  - C:\Users\Lukeon214\.gradle\caches\modules-2\files-2.1\dev.architectury\architectury-injectables\1.0.10\62db2a366d662606d1b23ad02ccc3212ed37ec3\architectury-injectables-1.0.10.jar
[Architectury Transformer DEBUG]  - C:\Users\Lukeon214\.gradle\caches\modules-2\files-2.1\net.fabricmc\fabric-loader\0.15.7\809a1a6b0f4bcca07e3dffc01f8a62265db3ff5d\fabric-loader-0.15.7.jar
[Architectury Transformer DEBUG]  - C:\Users\Lukeon214\.gradle\caches\modules-2\files-2.1\org.jetbrains\annotations\24.1.0\7af6a669488450c4a07c2c3254e2151df42d7d04\annotations-24.1.0.jar
[Architectury Transformer DEBUG]  - C:\Users\Lukeon214\.gradle\caches\modules-2\files-2.1\org.ow2.asm\asm\9.6\aa205cf0a06dbd8e04ece91c0b37c3f5d567546a\asm-9.6.jar
[Architectury Transformer DEBUG]  - C:\Users\Lukeon214\.gradle\caches\modules-2\files-2.1\org.ow2.asm\asm-analysis\9.6\9ce6c7b174bd997fc2552dff47964546bd7a5ec3\asm-analysis-9.6.jar
[Architectury Transformer DEBUG]  - C:\Users\Lukeon214\.gradle\caches\modules-2\files-2.1\org.ow2.asm\asm-commons\9.6\f1a9e5508eff490744144565c47326c8648be309\asm-commons-9.6.jar
[Architectury Transformer DEBUG]  - C:\Users\Lukeon214\.gradle\caches\modules-2\files-2.1\org.ow2.asm\asm-tree\9.6\c0cdda9d211e965d2a4448aa3fd86110f2f8c2de\asm-tree-9.6.jar
[Architectury Transformer DEBUG]  - C:\Users\Lukeon214\.gradle\caches\modules-2\files-2.1\org.ow2.asm\asm-util\9.6\f77caf84eb93786a749b2baa40865b9613e3eaee\asm-util-9.6.jar
[Architectury Transformer DEBUG]  - C:\Users\Lukeon214\.gradle\caches\modules-2\files-2.1\net.fabricmc\sponge-mixin\0.12.5+mixin.0.8.5\8d31fb97c3e0cd7c8dad3441851c523bcfae6d8e\sponge-mixin-0.12.5+mixin.0.8.5.jar
[Architectury Transformer DEBUG]  - C:\Users\Lukeon214\.gradle\caches\modules-2\files-2.1\io.github.llamalad7\mixinextras-fabric\0.3.5\3b577be20ea942610b3045e4f0cd909fa415a9d3\mixinextras-fabric-0.3.5.jar
[Architectury Transformer DEBUG]  - C:\Users\Lukeon214\.gradle\caches\modules-2\files-2.1\com.github.oshi\oshi-core\6.4.5\943ba26de047eb6b28fff47f5ee939a34eb5fc8e\oshi-core-6.4.5.jar
[Architectury Transformer DEBUG]  - C:\Users\Lukeon214\.gradle\caches\modules-2\files-2.1\com.google.code.gson\gson\2.10.1\b3add478d4382b78ea20b1671390a858002feb6c\gson-2.10.1.jar
[Architectury Transformer DEBUG]  - C:\Users\Lukeon214\.gradle\caches\modules-2\files-2.1\com.google.guava\failureaccess\1.0.1\1dcf1de382a0bf95a3d8b0849546c88bac1292c9\failureaccess-1.0.1.jar
[Architectury Transformer DEBUG]  - C:\Users\Lukeon214\.gradle\caches\modules-2\files-2.1\com.google.guava\guava\32.1.2-jre\5e64ec7e056456bef3a4bc4c6fdaef71e8ab6318\guava-32.1.2-jre.jar
[Architectury Transformer DEBUG]  - C:\Users\Lukeon214\.gradle\caches\modules-2\files-2.1\com.ibm.icu\icu4j\73.2\61ad4ef7f9131fcf6d25c34b817f90d6da06c9e9\icu4j-73.2.jar
[Architectury Transformer DEBUG]  - C:\Users\Lukeon214\.gradle\caches\modules-2\files-2.1\com.mojang\authlib\6.0.52\65085e2eb921c4a3ebdde3d248637f1776e6d80d\authlib-6.0.52.jar
[Architectury Transformer DEBUG]  - C:\Users\Lukeon214\.gradle\caches\modules-2\files-2.1\com.mojang\blocklist\1.0.10\5c685c5ffa94c4cd39496c7184c1d122e515ecef\blocklist-1.0.10.jar
[Architectury Transformer DEBUG]  - C:\Users\Lukeon214\.gradle\caches\modules-2\files-2.1\com.mojang\brigadier\1.2.9\73e324f2ee541493a5179abf367237faa782ed21\brigadier-1.2.9.jar
[Architectury Transformer DEBUG]  - C:\Users\Lukeon214\.gradle\caches\modules-2\files-2.1\com.mojang\datafixerupper\6.0.8\3ba4a30557a9b057760af4011f909ba619fc5125\datafixerupper-6.0.8.jar
[Architectury Transformer DEBUG]  - C:\Users\Lukeon214\.gradle\caches\modules-2\files-2.1\com.mojang\logging\1.1.1\832b8e6674a9b325a5175a3a6267dfaf34c85139\logging-1.1.1.jar
[Architectury Transformer DEBUG]  - C:\Users\Lukeon214\.gradle\caches\modules-2\files-2.1\com.mojang\patchy\2.2.10\da05971b07cbb379d002cf7eaec6a2048211fefc\patchy-2.2.10.jar
[Architectury Transformer DEBUG]  - C:\Users\Lukeon214\.gradle\caches\modules-2\files-2.1\com.mojang\text2speech\1.17.9\3cad216e3a7f0c19b4b394388bc9ffc446f13b14\text2speech-1.17.9.jar
[Architectury Transformer DEBUG]  - C:\Users\Lukeon214\.gradle\caches\modules-2\files-2.1\commons-codec\commons-codec\1.16.0\4e3eb3d79888d76b54e28b350915b5dc3919c9de\commons-codec-1.16.0.jar
[Architectury Transformer DEBUG]  - C:\Users\Lukeon214\.gradle\caches\modules-2\files-2.1\commons-io\commons-io\2.13.0\8bb2bc9b4df17e2411533a0708a69f983bf5e83b\commons-io-2.13.0.jar
[Architectury Transformer DEBUG]  - C:\Users\Lukeon214\.gradle\caches\modules-2\files-2.1\commons-logging\commons-logging\1.2\4bfc12adfe4842bf07b657f0369c4cb522955686\commons-logging-1.2.jar
[Architectury Transformer DEBUG]  - C:\Users\Lukeon214\.gradle\caches\modules-2\files-2.1\io.netty\netty-buffer\4.1.97.Final\f8f3d8644afa5e6e1a40a3a6aeb9d9aa970ecb4f\netty-buffer-4.1.97.Final.jar
[Architectury Transformer DEBUG]  - C:\Users\Lukeon214\.gradle\caches\modules-2\files-2.1\io.netty\netty-codec\4.1.97.Final\384ba4d75670befbedb45c4d3b497a93639c206d\netty-codec-4.1.97.Final.jar
[Architectury Transformer DEBUG]  - C:\Users\Lukeon214\.gradle\caches\modules-2\files-2.1\io.netty\netty-common\4.1.97.Final\7cceacaf11df8dc63f23d0fb58e9d4640fc88404\netty-common-4.1.97.Final.jar
[Architectury Transformer DEBUG]  - C:\Users\Lukeon214\.gradle\caches\modules-2\files-2.1\io.netty\netty-handler\4.1.97.Final\abb86c6906bf512bf2b797a41cd7d2e8d3cd7c36\netty-handler-4.1.97.Final.jar
[Architectury Transformer DEBUG]  - C:\Users\Lukeon214\.gradle\caches\modules-2\files-2.1\io.netty\netty-resolver\4.1.97.Final\cec8348108dc76c47cf87c669d514be52c922144\netty-resolver-4.1.97.Final.jar
[Architectury Transformer DEBUG]  - C:\Users\Lukeon214\.gradle\caches\modules-2\files-2.1\io.netty\netty-transport-classes-epoll\4.1.97.Final\795da37ded759e862457a82d9d92c4d39ce8ecee\netty-transport-classes-epoll-4.1.97.Final.jar
[Architectury Transformer DEBUG]  - C:\Users\Lukeon214\.gradle\caches\modules-2\files-2.1\io.netty\netty-transport-native-unix-common\4.1.97.Final\d469d84265ab70095b01b40886cabdd433b6e664\netty-transport-native-unix-common-4.1.97.Final.jar
[Architectury Transformer DEBUG]  - C:\Users\Lukeon214\.gradle\caches\modules-2\files-2.1\io.netty\netty-transport\4.1.97.Final\f37380d23c9bb079bc702910833b2fd532c9abd0\netty-transport-4.1.97.Final.jar
[Architectury Transformer DEBUG]  - C:\Users\Lukeon214\.gradle\caches\modules-2\files-2.1\it.unimi.dsi\fastutil\8.5.12\c24946d46824bd528054bface3231d2ecb7e95e8\fastutil-8.5.12.jar
[Architectury Transformer DEBUG]  - C:\Users\Lukeon214\.gradle\caches\modules-2\files-2.1\net.java.dev.jna\jna-platform\5.13.0\88e9a306715e9379f3122415ef4ae759a352640d\jna-platform-5.13.0.jar
[Architectury Transformer DEBUG]  - C:\Users\Lukeon214\.gradle\caches\modules-2\files-2.1\net.java.dev.jna\jna\5.13.0\1200e7ebeedbe0d10062093f32925a912020e747\jna-5.13.0.jar
[Architectury Transformer DEBUG]  - C:\Users\Lukeon214\.gradle\caches\modules-2\files-2.1\net.sf.jopt-simple\jopt-simple\5.0.4\4fdac2fbe92dfad86aa6e9301736f6b4342a3f5c\jopt-simple-5.0.4.jar
[Architectury Transformer DEBUG]  - C:\Users\Lukeon214\.gradle\caches\modules-2\files-2.1\org.apache.commons\commons-compress\1.22\691a8b4e6cf4248c3bc72c8b719337d5cb7359fa\commons-compress-1.22.jar
[Architectury Transformer DEBUG]  - C:\Users\Lukeon214\.gradle\caches\modules-2\files-2.1\org.apache.commons\commons-lang3\3.13.0\b7263237aa89c1f99b327197c41d0669707a462e\commons-lang3-3.13.0.jar
[Architectury Transformer DEBUG]  - C:\Users\Lukeon214\.gradle\caches\modules-2\files-2.1\org.apache.httpcomponents\httpclient\4.5.13\e5f6cae5ca7ecaac1ec2827a9e2d65ae2869cada\httpclient-4.5.13.jar
[Architectury Transformer DEBUG]  - C:\Users\Lukeon214\.gradle\caches\modules-2\files-2.1\org.apache.httpcomponents\httpcore\4.4.16\51cf043c87253c9f58b539c9f7e44c8894223850\httpcore-4.4.16.jar
[Architectury Transformer DEBUG]  - C:\Users\Lukeon214\.gradle\caches\modules-2\files-2.1\org.apache.logging.log4j\log4j-api\2.19.0\ea1b37f38c327596b216542bc636cfdc0b8036fa\log4j-api-2.19.0.jar
[Architectury Transformer DEBUG]  - C:\Users\Lukeon214\.gradle\caches\modules-2\files-2.1\org.apache.logging.log4j\log4j-core\2.19.0\3b6eeb4de4c49c0fe38a4ee27188ff5fee44d0bb\log4j-core-2.19.0.jar
[Architectury Transformer DEBUG]  - C:\Users\Lukeon214\.gradle\caches\modules-2\files-2.1\org.apache.logging.log4j\log4j-slf4j2-impl\2.19.0\5c04bfdd63ce9dceb2e284b81e96b6a70010ee10\log4j-slf4j2-impl-2.19.0.jar
[Architectury Transformer DEBUG]  - C:\Users\Lukeon214\.gradle\caches\modules-2\files-2.1\org.joml\joml\1.10.5\22566d58af70ad3d72308bab63b8339906deb649\joml-1.10.5.jar
[Architectury Transformer DEBUG]  - C:\Users\Lukeon214\.gradle\caches\modules-2\files-2.1\org.lwjgl\lwjgl-glfw\3.3.2\757920418805fb90bfebb3d46b1d9e7669fca2eb\lwjgl-glfw-3.3.2.jar
[Architectury Transformer DEBUG]  - C:\Users\Lukeon214\.gradle\caches\modules-2\files-2.1\org.lwjgl\lwjgl-jemalloc\3.3.2\877e17e39ebcd58a9c956dc3b5b777813de0873a\lwjgl-jemalloc-3.3.2.jar
[Architectury Transformer DEBUG]  - C:\Users\Lukeon214\.gradle\caches\modules-2\files-2.1\org.lwjgl\lwjgl-openal\3.3.2\ae5357ed6d934546d3533993ea84c0cfb75eed95\lwjgl-openal-3.3.2.jar
[Architectury Transformer DEBUG]  - C:\Users\Lukeon214\.gradle\caches\modules-2\files-2.1\org.lwjgl\lwjgl-opengl\3.3.2\ee8e95be0b438602038bc1f02dc5e3d011b1b216\lwjgl-opengl-3.3.2.jar
[Architectury Transformer DEBUG]  - C:\Users\Lukeon214\.gradle\caches\modules-2\files-2.1\org.lwjgl\lwjgl-stb\3.3.2\a2550795014d622b686e9caac50b14baa87d2c70\lwjgl-stb-3.3.2.jar
[Architectury Transformer DEBUG]  - C:\Users\Lukeon214\.gradle\caches\modules-2\files-2.1\org.lwjgl\lwjgl-tinyfd\3.3.2\9f65c248dd77934105274fcf8351abb75b34327c\lwjgl-tinyfd-3.3.2.jar
[Architectury Transformer DEBUG]  - C:\Users\Lukeon214\.gradle\caches\modules-2\files-2.1\org.lwjgl\lwjgl\3.3.2\4421d94af68e35dcaa31737a6fc59136a1e61b94\lwjgl-3.3.2.jar
[Architectury Transformer DEBUG]  - C:\Users\Lukeon214\.gradle\caches\modules-2\files-2.1\org.slf4j\slf4j-api\2.0.7\41eb7184ea9d556f23e18b5cb99cad1f8581fc00\slf4j-api-2.0.7.jar
[Architectury Transformer DEBUG]  - C:\Users\Lukeon214\Documents\stellaris\Stellaris-main\.gradle\loom-cache\minecraftMaven\net\minecraft\minecraft-merged-fa3090db03\1.20.4-loom.mappings.1_20_4.layered+hash.40359-v2\minecraft-merged-fa3090db03-1.20.4-loom.mappings.1_20_4.layered+hash.40359-v2.jar
[Architectury Transformer DEBUG]  - C:\Users\Lukeon214\.gradle\caches\modules-2\files-2.1\io.netty\netty-transport-native-epoll\4.1.97.Final\54188f271e388e7f313aea995e82f58ce2cdb809\netty-transport-native-epoll-4.1.97.Final-linux-x86_64.jar
[Architectury Transformer DEBUG]  - C:\Users\Lukeon214\.gradle\caches\modules-2\files-2.1\io.netty\netty-transport-native-epoll\4.1.97.Final\5514744c588190ffda076b35a9b8c9f24946a960\netty-transport-native-epoll-4.1.97.Final-linux-aarch_64.jar
[Architectury Transformer DEBUG]  - C:\Users\Lukeon214\Documents\stellaris\Stellaris-main\.gradle\loom-cache\remapped_mods\loom_mappings_1_20_4_layered_hash_40359_v2\me\shedaniel\RoughlyEnoughItems-fabric\14.0.688\RoughlyEnoughItems-fabric-14.0.688.jar
[Architectury Transformer DEBUG]  - C:\Users\Lukeon214\Documents\stellaris\Stellaris-main\.gradle\loom-cache\remapped_mods\loom_mappings_1_20_4_layered_hash_40359_v2\me\shedaniel\cloth\cloth-config-fabric\13.0.121\cloth-config-fabric-13.0.121-fabric.jar
[Architectury Transformer DEBUG]  - C:\Users\Lukeon214\Documents\stellaris\Stellaris-main\.gradle\loom-cache\remapped_mods\loom_mappings_1_20_4_layered_hash_40359_v2\net\fabricmc\fabric-api\fabric-api\0.96.4+1.20.4\fabric-api-0.96.4+1.20.4.jar
[Architectury Transformer DEBUG]  - C:\Users\Lukeon214\Documents\stellaris\Stellaris-main\.gradle\loom-cache\remapped_mods\loom_mappings_1_20_4_layered_hash_40359_v2\dev\architectury\architectury-fabric\11.1.13\architectury-fabric-11.1.13.jar
[Architectury Transformer DEBUG]  - C:\Users\Lukeon214\Documents\stellaris\Stellaris-main\.gradle\loom-cache\remapped_mods\loom_mappings_1_20_4_layered_hash_40359_v2\me\shedaniel\error-notifier-fabric\1.0.9\error-notifier-fabric-1.0.9.jar
[Architectury Transformer DEBUG]  - C:\Users\Lukeon214\Documents\stellaris\Stellaris-main\.gradle\loom-cache\remapped_mods\loom_mappings_1_20_4_layered_hash_40359_v2\net\fabricmc\fabric-api\fabric-transfer-api-v1\4.0.11+e84342304f\fabric-transfer-api-v1-4.0.11+e84342304f.jar
[Architectury Transformer DEBUG]  - C:\Users\Lukeon214\Documents\stellaris\Stellaris-main\.gradle\loom-cache\remapped_mods\loom_mappings_1_20_4_layered_hash_40359_v2\net\fabricmc\fabric-api\fabric-api-lookup-api-v1\1.6.49+82b1bb3e4f\fabric-api-lookup-api-v1-1.6.49+82b1bb3e4f.jar
[Architectury Transformer DEBUG]  - C:\Users\Lukeon214\Documents\stellaris\Stellaris-main\.gradle\loom-cache\remapped_mods\loom_mappings_1_20_4_layered_hash_40359_v2\net\fabricmc\fabric-api\fabric-blockrenderlayer-v1\1.1.46+78d798af4f\fabric-blockrenderlayer-v1-1.1.46+78d798af4f.jar
[Architectury Transformer DEBUG]  - C:\Users\Lukeon214\Documents\stellaris\Stellaris-main\.gradle\loom-cache\remapped_mods\loom_mappings_1_20_4_layered_hash_40359_v2\net\fabricmc\fabric-api\fabric-client-tags-api-v1\1.1.7+78d798af4f\fabric-client-tags-api-v1-1.1.7+78d798af4f.jar
[Architectury Transformer DEBUG]  - C:\Users\Lukeon214\Documents\stellaris\Stellaris-main\.gradle\loom-cache\remapped_mods\loom_mappings_1_20_4_layered_hash_40359_v2\net\fabricmc\fabric-api\fabric-command-api-v1\1.2.41+f71b366f4f\fabric-command-api-v1-1.2.41+f71b366f4f.jar
[Architectury Transformer DEBUG]  - C:\Users\Lukeon214\Documents\stellaris\Stellaris-main\.gradle\loom-cache\remapped_mods\loom_mappings_1_20_4_layered_hash_40359_v2\net\fabricmc\fabric-api\fabric-commands-v0\0.2.58+df3654b34f\fabric-commands-v0-0.2.58+df3654b34f.jar
[Architectury Transformer DEBUG]  - C:\Users\Lukeon214\Documents\stellaris\Stellaris-main\.gradle\loom-cache\remapped_mods\loom_mappings_1_20_4_layered_hash_40359_v2\net\fabricmc\fabric-api\fabric-command-api-v2\2.2.20+78d798af4f\fabric-command-api-v2-2.2.20+78d798af4f.jar
[Architectury Transformer DEBUG]  - C:\Users\Lukeon214\Documents\stellaris\Stellaris-main\.gradle\loom-cache\remapped_mods\loom_mappings_1_20_4_layered_hash_40359_v2\net\fabricmc\fabric-api\fabric-content-registries-v0\5.0.14+78d798af4f\fabric-content-registries-v0-5.0.14+78d798af4f.jar
[Architectury Transformer DEBUG]  - C:\Users\Lukeon214\Documents\stellaris\Stellaris-main\.gradle\loom-cache\remapped_mods\loom_mappings_1_20_4_layered_hash_40359_v2\net\fabricmc\fabric-api\fabric-convention-tags-v1\1.5.10+78d798af4f\fabric-convention-tags-v1-1.5.10+78d798af4f.jar
[Architectury Transformer DEBUG]  - C:\Users\Lukeon214\Documents\stellaris\Stellaris-main\.gradle\loom-cache\remapped_mods\loom_mappings_1_20_4_layered_hash_40359_v2\net\fabricmc\fabric-api\fabric-data-generation-api-v1\13.2.3+5c0133444f\fabric-data-generation-api-v1-13.2.3+5c0133444f.jar
[Architectury Transformer DEBUG]  - C:\Users\Lukeon214\Documents\stellaris\Stellaris-main\.gradle\loom-cache\remapped_mods\loom_mappings_1_20_4_layered_hash_40359_v2\net\fabricmc\fabric-api\fabric-dimensions-v1\2.1.61+78d798af4f\fabric-dimensions-v1-2.1.61+78d798af4f.jar
[Architectury Transformer DEBUG]  - C:\Users\Lukeon214\Documents\stellaris\Stellaris-main\.gradle\loom-cache\remapped_mods\loom_mappings_1_20_4_layered_hash_40359_v2\net\fabricmc\fabric-api\fabric-entity-events-v1\1.6.1+09fc25014f\fabric-entity-events-v1-1.6.1+09fc25014f.jar
[Architectury Transformer DEBUG]  - C:\Users\Lukeon214\Documents\stellaris\Stellaris-main\.gradle\loom-cache\remapped_mods\loom_mappings_1_20_4_layered_hash_40359_v2\net\fabricmc\fabric-api\fabric-events-interaction-v0\0.7.1+389931eb4f\fabric-events-interaction-v0-0.7.1+389931eb4f.jar
[Architectury Transformer DEBUG]  - C:\Users\Lukeon214\Documents\stellaris\Stellaris-main\.gradle\loom-cache\remapped_mods\loom_mappings_1_20_4_layered_hash_40359_v2\net\fabricmc\fabric-api\fabric-gametest-api-v1\1.3.4+85d85a934f\fabric-gametest-api-v1-1.3.4+85d85a934f.jar
[Architectury Transformer DEBUG]  - C:\Users\Lukeon214\Documents\stellaris\Stellaris-main\.gradle\loom-cache\remapped_mods\loom_mappings_1_20_4_layered_hash_40359_v2\net\fabricmc\fabric-api\fabric-events-lifecycle-v0\0.2.74+df3654b34f\fabric-events-lifecycle-v0-0.2.74+df3654b34f.jar
[Architectury Transformer DEBUG]  - C:\Users\Lukeon214\Documents\stellaris\Stellaris-main\.gradle\loom-cache\remapped_mods\loom_mappings_1_20_4_layered_hash_40359_v2\net\fabricmc\fabric-api\fabric-item-api-v1\2.2.0+d6f2b0844f\fabric-item-api-v1-2.2.0+d6f2b0844f.jar
[Architectury Transformer DEBUG]  - C:\Users\Lukeon214\Documents\stellaris\Stellaris-main\.gradle\loom-cache\remapped_mods\loom_mappings_1_20_4_layered_hash_40359_v2\net\fabricmc\fabric-api\fabric-item-group-api-v1\4.0.25+58f8c0124f\fabric-item-group-api-v1-4.0.25+58f8c0124f.jar
[Architectury Transformer DEBUG]  - C:\Users\Lukeon214\Documents\stellaris\Stellaris-main\.gradle\loom-cache\remapped_mods\loom_mappings_1_20_4_layered_hash_40359_v2\net\fabricmc\fabric-api\fabric-mining-level-api-v1\2.1.64+78d798af4f\fabric-mining-level-api-v1-2.1.64+78d798af4f.jar
[Architectury Transformer DEBUG]  - C:\Users\Lukeon214\Documents\stellaris\Stellaris-main\.gradle\loom-cache\remapped_mods\loom_mappings_1_20_4_layered_hash_40359_v2\net\fabricmc\fabric-api\fabric-lifecycle-events-v1\2.3.0+a67ffb5d4f\fabric-lifecycle-events-v1-2.3.0+a67ffb5d4f.jar
[Architectury Transformer DEBUG]  - C:\Users\Lukeon214\Documents\stellaris\Stellaris-main\.gradle\loom-cache\remapped_mods\loom_mappings_1_20_4_layered_hash_40359_v2\net\fabricmc\fabric-api\fabric-loot-api-v2\2.1.8+78d798af4f\fabric-loot-api-v2-2.1.8+78d798af4f.jar
[Architectury Transformer DEBUG]  - C:\Users\Lukeon214\Documents\stellaris\Stellaris-main\.gradle\loom-cache\remapped_mods\loom_mappings_1_20_4_layered_hash_40359_v2\net\fabricmc\fabric-api\fabric-message-api-v1\6.0.5+78d798af4f\fabric-message-api-v1-6.0.5+78d798af4f.jar
[Architectury Transformer DEBUG]  - C:\Users\Lukeon214\Documents\stellaris\Stellaris-main\.gradle\loom-cache\remapped_mods\loom_mappings_1_20_4_layered_hash_40359_v2\net\fabricmc\fabric-api\fabric-models-v0\0.4.7+9386d8a74f\fabric-models-v0-0.4.7+9386d8a74f.jar
[Architectury Transformer DEBUG]  - C:\Users\Lukeon214\Documents\stellaris\Stellaris-main\.gradle\loom-cache\remapped_mods\loom_mappings_1_20_4_layered_hash_40359_v2\net\fabricmc\fabric-api\fabric-model-loading-api-v1\1.0.8+78d798af4f\fabric-model-loading-api-v1-1.0.8+78d798af4f.jar
[Architectury Transformer DEBUG]  - C:\Users\Lukeon214\Documents\stellaris\Stellaris-main\.gradle\loom-cache\remapped_mods\loom_mappings_1_20_4_layered_hash_40359_v2\net\fabricmc\fabric-api\fabric-recipe-api-v1\2.0.20+78d798af4f\fabric-recipe-api-v1-2.0.20+78d798af4f.jar
[Architectury Transformer DEBUG]  - C:\Users\Lukeon214\Documents\stellaris\Stellaris-main\.gradle\loom-cache\remapped_mods\loom_mappings_1_20_4_layered_hash_40359_v2\net\fabricmc\fabric-api\fabric-registry-sync-v0\4.0.19+58f8c0124f\fabric-registry-sync-v0-4.0.19+58f8c0124f.jar
[Architectury Transformer DEBUG]  - C:\Users\Lukeon214\Documents\stellaris\Stellaris-main\.gradle\loom-cache\remapped_mods\loom_mappings_1_20_4_layered_hash_40359_v2\net\fabricmc\fabric-api\fabric-screen-handler-api-v1\1.3.55+78d798af4f\fabric-screen-handler-api-v1-1.3.55+78d798af4f.jar
[Architectury Transformer DEBUG]  - C:\Users\Lukeon214\Documents\stellaris\Stellaris-main\.gradle\loom-cache\remapped_mods\loom_mappings_1_20_4_layered_hash_40359_v2\net\fabricmc\fabric-api\fabric-containers-v0\0.1.86+df3654b34f\fabric-containers-v0-0.1.86+df3654b34f.jar
[Architectury Transformer DEBUG]  - C:\Users\Lukeon214\Documents\stellaris\Stellaris-main\.gradle\loom-cache\remapped_mods\loom_mappings_1_20_4_layered_hash_40359_v2\net\fabricmc\fabric-api\fabric-networking-api-v1\3.1.7+2e5ac5484f\fabric-networking-api-v1-3.1.7+2e5ac5484f.jar
[Architectury Transformer DEBUG]  - C:\Users\Lukeon214\Documents\stellaris\Stellaris-main\.gradle\loom-cache\remapped_mods\loom_mappings_1_20_4_layered_hash_40359_v2\net\fabricmc\fabric-api\fabric-object-builder-api-v1\13.0.13+080016e44f\fabric-object-builder-api-v1-13.0.13+080016e44f.jar
[Architectury Transformer DEBUG]  - C:\Users\Lukeon214\Documents\stellaris\Stellaris-main\.gradle\loom-cache\remapped_mods\loom_mappings_1_20_4_layered_hash_40359_v2\net\fabricmc\fabric-api\fabric-particles-v1\1.1.7+78d798af4f\fabric-particles-v1-1.1.7+78d798af4f.jar
[Architectury Transformer DEBUG]  - C:\Users\Lukeon214\Documents\stellaris\Stellaris-main\.gradle\loom-cache\remapped_mods\loom_mappings_1_20_4_layered_hash_40359_v2\net\fabricmc\fabric-api\fabric-renderer-indigo\1.5.4+78d798af4f\fabric-renderer-indigo-1.5.4+78d798af4f.jar
[Architectury Transformer DEBUG]  - C:\Users\Lukeon214\Documents\stellaris\Stellaris-main\.gradle\loom-cache\remapped_mods\loom_mappings_1_20_4_layered_hash_40359_v2\net\fabricmc\fabric-api\fabric-renderer-api-v1\3.2.4+78d798af4f\fabric-renderer-api-v1-3.2.4+78d798af4f.jar
[Architectury Transformer DEBUG]  - C:\Users\Lukeon214\Documents\stellaris\Stellaris-main\.gradle\loom-cache\remapped_mods\loom_mappings_1_20_4_layered_hash_40359_v2\net\fabricmc\fabric-api\fabric-rendering-fluids-v1\3.1.1+e761c6694f\fabric-rendering-fluids-v1-3.1.1+e761c6694f.jar
[Architectury Transformer DEBUG]  - C:\Users\Lukeon214\Documents\stellaris\Stellaris-main\.gradle\loom-cache\remapped_mods\loom_mappings_1_20_4_layered_hash_40359_v2\net\fabricmc\fabric-api\fabric-renderer-registries-v1\3.2.53+df3654b34f\fabric-renderer-registries-v1-3.2.53+df3654b34f.jar
[Architectury Transformer DEBUG]  - C:\Users\Lukeon214\Documents\stellaris\Stellaris-main\.gradle\loom-cache\remapped_mods\loom_mappings_1_20_4_layered_hash_40359_v2\net\fabricmc\fabric-api\fabric-rendering-v0\1.1.56+df3654b34f\fabric-rendering-v0-1.1.56+df3654b34f.jar
[Architectury Transformer DEBUG]  - C:\Users\Lukeon214\Documents\stellaris\Stellaris-main\.gradle\loom-cache\remapped_mods\loom_mappings_1_20_4_layered_hash_40359_v2\net\fabricmc\fabric-api\fabric-rendering-v1\3.2.0+6fd945a04f\fabric-rendering-v1-3.2.0+6fd945a04f.jar
[Architectury Transformer DEBUG]  - C:\Users\Lukeon214\Documents\stellaris\Stellaris-main\.gradle\loom-cache\remapped_mods\loom_mappings_1_20_4_layered_hash_40359_v2\net\fabricmc\fabric-api\fabric-screen-api-v1\2.0.17+78d798af4f\fabric-screen-api-v1-2.0.17+78d798af4f.jar
[Architectury Transformer DEBUG]  - C:\Users\Lukeon214\Documents\stellaris\Stellaris-main\.gradle\loom-cache\remapped_mods\loom_mappings_1_20_4_layered_hash_40359_v2\net\fabricmc\fabric-api\fabric-api-base\0.4.36+78d798af4f\fabric-api-base-0.4.36+78d798af4f.jar
[Architectury Transformer DEBUG]  - C:\Users\Lukeon214\Documents\stellaris\Stellaris-main\.gradle\loom-cache\remapped_mods\loom_mappings_1_20_4_layered_hash_40359_v2\net\fabricmc\fabric-api\fabric-biome-api-v1\13.0.16+78d798af4f\fabric-biome-api-v1-13.0.16+78d798af4f.jar
[Architectury Transformer DEBUG]  - C:\Users\Lukeon214\Documents\stellaris\Stellaris-main\.gradle\loom-cache\remapped_mods\loom_mappings_1_20_4_layered_hash_40359_v2\net\fabricmc\fabric-api\fabric-block-api-v1\1.0.16+3e2216cb4f\fabric-block-api-v1-1.0.16+3e2216cb4f.jar
[Architectury Transformer DEBUG]  - C:\Users\Lukeon214\Documents\stellaris\Stellaris-main\.gradle\loom-cache\remapped_mods\loom_mappings_1_20_4_layered_hash_40359_v2\net\fabricmc\fabric-api\fabric-rendering-data-attachment-v1\0.3.42+73761d2e4f\fabric-rendering-data-attachment-v1-0.3.42+73761d2e4f.jar
[Architectury Transformer DEBUG]  - C:\Users\Lukeon214\Documents\stellaris\Stellaris-main\.gradle\loom-cache\remapped_mods\loom_mappings_1_20_4_layered_hash_40359_v2\net\fabricmc\fabric-api\fabric-block-view-api-v2\1.0.4+78d798af4f\fabric-block-view-api-v2-1.0.4+78d798af4f.jar
[Architectury Transformer DEBUG]  - C:\Users\Lukeon214\Documents\stellaris\Stellaris-main\.gradle\loom-cache\remapped_mods\loom_mappings_1_20_4_layered_hash_40359_v2\net\fabricmc\fabric-api\fabric-crash-report-info-v1\0.2.23+78d798af4f\fabric-crash-report-info-v1-0.2.23+78d798af4f.jar
[Architectury Transformer DEBUG]  - C:\Users\Lukeon214\Documents\stellaris\Stellaris-main\.gradle\loom-cache\remapped_mods\loom_mappings_1_20_4_layered_hash_40359_v2\net\fabricmc\fabric-api\fabric-game-rule-api-v1\1.0.46+78d798af4f\fabric-game-rule-api-v1-1.0.46+78d798af4f.jar
[Architectury Transformer DEBUG]  - C:\Users\Lukeon214\Documents\stellaris\Stellaris-main\.gradle\loom-cache\remapped_mods\loom_mappings_1_20_4_layered_hash_40359_v2\net\fabricmc\fabric-api\fabric-keybindings-v0\0.2.39+df3654b34f\fabric-keybindings-v0-0.2.39+df3654b34f.jar
[Architectury Transformer DEBUG]  - C:\Users\Lukeon214\Documents\stellaris\Stellaris-main\.gradle\loom-cache\remapped_mods\loom_mappings_1_20_4_layered_hash_40359_v2\net\fabricmc\fabric-api\fabric-key-binding-api-v1\1.0.41+78d798af4f\fabric-key-binding-api-v1-1.0.41+78d798af4f.jar
[Architectury Transformer DEBUG]  - C:\Users\Lukeon214\Documents\stellaris\Stellaris-main\.gradle\loom-cache\remapped_mods\loom_mappings_1_20_4_layered_hash_40359_v2\net\fabricmc\fabric-api\fabric-resource-conditions-api-v1\2.3.14+78d798af4f\fabric-resource-conditions-api-v1-2.3.14+78d798af4f.jar
[Architectury Transformer DEBUG]  - C:\Users\Lukeon214\Documents\stellaris\Stellaris-main\.gradle\loom-cache\remapped_mods\loom_mappings_1_20_4_layered_hash_40359_v2\net\fabricmc\fabric-api\fabric-resource-loader-v0\0.11.19+58f8c0124f\fabric-resource-loader-v0-0.11.19+58f8c0124f.jar
[Architectury Transformer DEBUG]  - C:\Users\Lukeon214\Documents\stellaris\Stellaris-main\.gradle\loom-cache\remapped_mods\loom_mappings_1_20_4_layered_hash_40359_v2\net\fabricmc\fabric-api\fabric-sound-api-v1\1.0.17+78d798af4f\fabric-sound-api-v1-1.0.17+78d798af4f.jar
[Architectury Transformer DEBUG]  - C:\Users\Lukeon214\Documents\stellaris\Stellaris-main\.gradle\loom-cache\remapped_mods\loom_mappings_1_20_4_layered_hash_40359_v2\net\fabricmc\fabric-api\fabric-transitive-access-wideners-v1\5.0.14+78d798af4f\fabric-transitive-access-wideners-v1-5.0.14+78d798af4f.jar
[Architectury Transformer DEBUG]  - C:\Users\Lukeon214\Documents\stellaris\Stellaris-main\.gradle\loom-cache\remapped_mods\loom_mappings_1_20_4_layered_hash_40359_v2\me\shedaniel\cloth\basic-math\0.6.1\basic-math-0.6.1.jar
[Architectury Transformer DEBUG]  - C:\Users\Lukeon214\Documents\stellaris\Stellaris-main\.gradle\loom-cache\remapped_mods\loom_mappings_1_20_4_layered_hash_40359_v2\net\fabricmc\fabric-api\fabric-data-attachment-api-v1\1.1.3+b90db5744f\fabric-data-attachment-api-v1-1.1.3+b90db5744f.jar
[Architectury Transformer] Read classpath in 1.120 s
[Architectury Transformer DEBUG] Closed File Systems for C:\Users\Lukeon214\Documents\stellaris\Stellaris-main\common\build\devlibs\Stellaris-1.0-dev.jar
[Architectury Transformer DEBUG] Transforming 5 transformer(s) from C:\Users\Lukeon214\Documents\stellaris\Stellaris-main\common\build\devlibs\Stellaris-1.0-dev.jar to C:\Users\LUKEON~1\AppData\Local\Temp\10145325697375249633.jar: 
[Architectury Transformer DEBUG]  - dev.architectury.transformer.transformers.RuntimeMixinRefmapDetector@15b3e5b
[Architectury Transformer DEBUG]  - dev.architectury.transformer.transformers.GenerateFakeFabricMod@61ca2dfa
[Architectury Transformer DEBUG]  - dev.architectury.transformer.transformers.TransformExpectPlatform@4b53f538
[Architectury Transformer DEBUG]  - dev.architectury.transformer.transformers.RemapInjectables@134593bf
[Architectury Transformer DEBUG]  - dev.architectury.transformer.transformers.TransformPlatformOnly@4bb4de6a
[Architectury Transformer DEBUG] Transforming from C:\Users\Lukeon214\Documents\stellaris\Stellaris-main\common\build\devlibs\Stellaris-1.0-dev.jar to C:\Users\LUKEON~1\AppData\Local\Temp\10145325697375249633.jar with 5 transformer(s) on dev.architectury.transformer.handler.SimpleTransformerHandler
[Architectury Transformer DEBUG] Found class transformer
[Architectury Transformer DEBUG] Writing com/st0x0ef/stellaris/client/screens/RocketStationScreen with maxs=true frames=true
[Architectury Transformer DEBUG] Writing com/st0x0ef/stellaris/common/blocks/entities/RocketStationEntity with maxs=true frames=true
[Architectury Transformer DEBUG] Writing com/st0x0ef/stellaris/common/blocks/RocketStation with maxs=true frames=true
[Architectury Transformer DEBUG] Writing com/st0x0ef/stellaris/common/menus/BaseContainer with maxs=true frames=true
[Architectury Transformer DEBUG] Writing com/st0x0ef/stellaris/common/menus/ResultSlot with maxs=true frames=true
[Architectury Transformer DEBUG] Writing com/st0x0ef/stellaris/common/menus/RocketStationMenu with maxs=true frames=true
[Architectury Transformer DEBUG] Writing com/st0x0ef/stellaris/common/planets/Planet with maxs=true frames=true
[Architectury Transformer DEBUG] Writing com/st0x0ef/stellaris/common/planets/StellarisData with maxs=true frames=true
[Architectury Transformer DEBUG] Writing com/st0x0ef/stellaris/common/registry/BlockEntityTypesRegistry with maxs=true frames=true
[Architectury Transformer DEBUG] Writing com/st0x0ef/stellaris/common/registry/BlocksRegistry with maxs=true frames=true
[Architectury Transformer DEBUG] Writing com/st0x0ef/stellaris/common/registry/CreativeTabsRegistry with maxs=true frames=true
[Architectury Transformer DEBUG] Writing com/st0x0ef/stellaris/common/registry/ItemsRegistry with maxs=true frames=true
[Architectury Transformer DEBUG] Writing com/st0x0ef/stellaris/common/registry/MenuTypesRegistry with maxs=true frames=true
[Architectury Transformer DEBUG] Writing com/st0x0ef/stellaris/mixin/EntityTick with maxs=true frames=true
[Architectury Transformer DEBUG] Writing com/st0x0ef/stellaris/Stellaris with maxs=true frames=true
[Architectury Transformer DEBUG] Checking whether /Stellaris-common-refmap.json is a mixin config.
[Architectury Transformer DEBUG] Checking whether /stellaris-common.mixins.json is a mixin config.
[Architectury Transformer DEBUG] Closed File Systems for C:\Users\LUKEON~1\AppData\Local\Temp\10145325697375249633.jar
[Architectury Transformer] Listening at C:\Users\Lukeon214\Documents\stellaris\Stellaris-main\common\build\devlibs\Stellaris-1.0-dev.jar
[Architectury Transformer DEBUG] Transforming from com/st0x0ef/stellaris/Stellaris.class to com/st0x0ef/stellaris/Stellaris.class with 5 transformer(s) on dev.architectury.transformer.handler.TinyRemapperPreparedTransformerHandler
[Architectury Transformer DEBUG] Found class transformer
[Architectury Transformer DEBUG] Writing com/st0x0ef/stellaris/Stellaris with maxs=true frames=true
[Architectury Transformer DEBUG] Transformed com/st0x0ef/stellaris/Stellaris in 1.023 ms
[Architectury Transformer DEBUG] Transforming from com/st0x0ef/stellaris/common/registry/CreativeTabsRegistry.class to com/st0x0ef/stellaris/common/registry/CreativeTabsRegistry.class with 5 transformer(s) on dev.architectury.transformer.handler.TinyRemapperPreparedTransformerHandler
[Architectury Transformer DEBUG] Found class transformer
[Architectury Transformer DEBUG] Writing com/st0x0ef/stellaris/common/registry/CreativeTabsRegistry with maxs=true frames=true
[Architectury Transformer DEBUG] Transformed com/st0x0ef/stellaris/common/registry/CreativeTabsRegistry in 456.1 ?s
[Architectury Transformer DEBUG] Transforming from com/st0x0ef/stellaris/common/registry/BlocksRegistry.class to com/st0x0ef/stellaris/common/registry/BlocksRegistry.class with 5 transformer(s) on dev.architectury.transformer.handler.TinyRemapperPreparedTransformerHandler
[Architectury Transformer DEBUG] Found class transformer
[Architectury Transformer DEBUG] Writing com/st0x0ef/stellaris/common/registry/BlocksRegistry with maxs=true frames=true
[Architectury Transformer DEBUG] Transformed com/st0x0ef/stellaris/common/registry/BlocksRegistry in 1.274 ms
[Architectury Transformer DEBUG] Transforming from com/st0x0ef/stellaris/common/blocks/RocketStation.class to com/st0x0ef/stellaris/common/blocks/RocketStation.class with 5 transformer(s) on dev.architectury.transformer.handler.TinyRemapperPreparedTransformerHandler
[Architectury Transformer DEBUG] Found class transformer
[Architectury Transformer DEBUG] Writing com/st0x0ef/stellaris/common/blocks/RocketStation with maxs=true frames=true
[Architectury Transformer DEBUG] Transformed com/st0x0ef/stellaris/common/blocks/RocketStation in 888.0 ?s
[Architectury Transformer DEBUG] Transforming from com/st0x0ef/stellaris/common/blocks/entities/RocketStationEntity.class to com/st0x0ef/stellaris/common/blocks/entities/RocketStationEntity.class with 5 transformer(s) on dev.architectury.transformer.handler.TinyRemapperPreparedTransformerHandler
[Architectury Transformer DEBUG] Found class transformer
[Architectury Transformer DEBUG] Writing com/st0x0ef/stellaris/common/blocks/entities/RocketStationEntity with maxs=true frames=true
[Architectury Transformer DEBUG] Transformed com/st0x0ef/stellaris/common/blocks/entities/RocketStationEntity in 1.309 ms
[Architectury Transformer DEBUG] Transforming from com/st0x0ef/stellaris/common/registry/ItemsRegistry.class to com/st0x0ef/stellaris/common/registry/ItemsRegistry.class with 5 transformer(s) on dev.architectury.transformer.handler.TinyRemapperPreparedTransformerHandler
[Architectury Transformer DEBUG] Found class transformer
[Architectury Transformer DEBUG] Writing com/st0x0ef/stellaris/common/registry/ItemsRegistry with maxs=true frames=true
[Architectury Transformer DEBUG] Transformed com/st0x0ef/stellaris/common/registry/ItemsRegistry in 1.157 ms
[Architectury Transformer DEBUG] Transforming from com/st0x0ef/stellaris/common/registry/MenuTypesRegistry.class to com/st0x0ef/stellaris/common/registry/MenuTypesRegistry.class with 5 transformer(s) on dev.architectury.transformer.handler.TinyRemapperPreparedTransformerHandler
[Architectury Transformer DEBUG] Found class transformer
[Architectury Transformer DEBUG] Writing com/st0x0ef/stellaris/common/registry/MenuTypesRegistry with maxs=true frames=true
[Architectury Transformer DEBUG] Transformed com/st0x0ef/stellaris/common/registry/MenuTypesRegistry in 595.4 ?s
[Architectury Transformer DEBUG] Transforming from com/st0x0ef/stellaris/common/menus/RocketStationMenu.class to com/st0x0ef/stellaris/common/menus/RocketStationMenu.class with 5 transformer(s) on dev.architectury.transformer.handler.TinyRemapperPreparedTransformerHandler
[Architectury Transformer DEBUG] Found class transformer
[Architectury Transformer DEBUG] Writing com/st0x0ef/stellaris/common/menus/RocketStationMenu with maxs=true frames=true
[Architectury Transformer DEBUG] Transformed com/st0x0ef/stellaris/common/menus/RocketStationMenu in 2.535 ms
[Architectury Transformer DEBUG] Transforming from com/st0x0ef/stellaris/common/menus/ResultSlot.class to com/st0x0ef/stellaris/common/menus/ResultSlot.class with 5 transformer(s) on dev.architectury.transformer.handler.TinyRemapperPreparedTransformerHandler
[Architectury Transformer DEBUG] Found class transformer
[Architectury Transformer DEBUG] Writing com/st0x0ef/stellaris/common/menus/ResultSlot with maxs=true frames=true
[Architectury Transformer DEBUG] Transformed com/st0x0ef/stellaris/common/menus/ResultSlot in 335.4 ?s
[Architectury Transformer DEBUG] Transforming from com/st0x0ef/stellaris/common/registry/BlockEntityTypesRegistry.class to com/st0x0ef/stellaris/common/registry/BlockEntityTypesRegistry.class with 5 transformer(s) on dev.architectury.transformer.handler.TinyRemapperPreparedTransformerHandler
[Architectury Transformer DEBUG] Found class transformer
[Architectury Transformer DEBUG] Writing com/st0x0ef/stellaris/common/registry/BlockEntityTypesRegistry with maxs=true frames=true
[Architectury Transformer DEBUG] Transformed com/st0x0ef/stellaris/common/registry/BlockEntityTypesRegistry in 651.7 ?s
[Architectury Transformer DEBUG] Transforming from com/st0x0ef/stellaris/common/planets/StellarisData.class to com/st0x0ef/stellaris/common/planets/StellarisData.class with 5 transformer(s) on dev.architectury.transformer.handler.TinyRemapperPreparedTransformerHandler
[Architectury Transformer DEBUG] Found class transformer
[Architectury Transformer DEBUG] Writing com/st0x0ef/stellaris/common/planets/StellarisData with maxs=true frames=true
[Architectury Transformer DEBUG] Transformed com/st0x0ef/stellaris/common/planets/StellarisData in 583.6 ?s
[Architectury Transformer DEBUG] Transforming from com/st0x0ef/stellaris/client/screens/RocketStationScreen.class to com/st0x0ef/stellaris/client/screens/RocketStationScreen.class with 5 transformer(s) on dev.architectury.transformer.handler.TinyRemapperPreparedTransformerHandler
[Architectury Transformer DEBUG] Found class transformer
[Architectury Transformer DEBUG] Writing com/st0x0ef/stellaris/client/screens/RocketStationScreen with maxs=true frames=true
[Architectury Transformer DEBUG] Transformed com/st0x0ef/stellaris/client/screens/RocketStationScreen in 907.3 ?s
