[17:56:35] [main/INFO] (FabricLoader/GameProvider) Loading Minecraft 1.20.4 with Fabric Loader 0.15.7
[17:56:35] [main/INFO] (FabricLoader) Loading 63 mods:
	- architectury 11.1.13
	- cloth-basic-math 0.6.1
	- cloth-config 13.0.121
	- error_notifier 1.0.9
	- fabric-api 0.96.4+1.20.4
	- fabric-api-base 0.4.36+78d798af4f
	- fabric-api-lookup-api-v1 1.6.49+82b1bb3e4f
	- fabric-biome-api-v1 13.0.16+78d798af4f
	- fabric-block-api-v1 1.0.16+3e2216cb4f
	- fabric-block-view-api-v2 1.0.4+78d798af4f
	- fabric-blockrenderlayer-v1 1.1.46+78d798af4f
	- fabric-client-tags-api-v1 1.1.7+78d798af4f
	- fabric-command-api-v1 1.2.41+f71b366f4f
	- fabric-command-api-v2 2.2.20+78d798af4f
	- fabric-commands-v0 0.2.58+df3654b34f
	- fabric-containers-v0 0.1.86+df3654b34f
	- fabric-content-registries-v0 5.0.14+78d798af4f
	- fabric-convention-tags-v1 1.5.10+78d798af4f
	- fabric-crash-report-info-v1 0.2.23+78d798af4f
	- fabric-data-attachment-api-v1 1.1.3+b90db5744f
	- fabric-data-generation-api-v1 13.2.3+5c0133444f
	- fabric-dimensions-v1 2.1.61+78d798af4f
	- fabric-entity-events-v1 1.6.1+09fc25014f
	- fabric-events-interaction-v0 0.7.1+389931eb4f
	- fabric-events-lifecycle-v0 0.2.74+df3654b34f
	- fabric-game-rule-api-v1 1.0.46+78d798af4f
	- fabric-gametest-api-v1 1.3.4+85d85a934f
	- fabric-item-api-v1 2.2.0+d6f2b0844f
	- fabric-item-group-api-v1 4.0.25+58f8c0124f
	- fabric-key-binding-api-v1 1.0.41+78d798af4f
	- fabric-keybindings-v0 0.2.39+df3654b34f
	- fabric-lifecycle-events-v1 2.3.0+a67ffb5d4f
	- fabric-loot-api-v2 2.1.8+78d798af4f
	- fabric-message-api-v1 6.0.5+78d798af4f
	- fabric-mining-level-api-v1 2.1.64+78d798af4f
	- fabric-model-loading-api-v1 1.0.8+78d798af4f
	- fabric-models-v0 0.4.7+9386d8a74f
	- fabric-networking-api-v1 3.1.7+2e5ac5484f
	- fabric-object-builder-api-v1 13.0.13+080016e44f
	- fabric-particles-v1 1.1.7+78d798af4f
	- fabric-recipe-api-v1 2.0.20+78d798af4f
	- fabric-registry-sync-v0 4.0.19+58f8c0124f
	- fabric-renderer-api-v1 3.2.4+78d798af4f
	- fabric-renderer-indigo 1.5.4+78d798af4f
	- fabric-renderer-registries-v1 3.2.53+df3654b34f
	- fabric-rendering-data-attachment-v1 0.3.42+73761d2e4f
	- fabric-rendering-fluids-v1 3.1.1+e761c6694f
	- fabric-rendering-v0 1.1.56+df3654b34f
	- fabric-rendering-v1 3.2.0+6fd945a04f
	- fabric-resource-conditions-api-v1 2.3.14+78d798af4f
	- fabric-resource-loader-v0 0.11.19+58f8c0124f
	- fabric-screen-api-v1 2.0.17+78d798af4f
	- fabric-screen-handler-api-v1 1.3.55+78d798af4f
	- fabric-sound-api-v1 1.0.17+78d798af4f
	- fabric-transfer-api-v1 4.0.11+e84342304f
	- fabric-transitive-access-wideners-v1 5.0.14+78d798af4f
	- fabricloader 0.15.7
	- generated_90d0f33 1.0.0
	- java 17
	- minecraft 1.20.4
	- mixinextras 0.3.5
	- roughlyenoughitems 14.0.688
	- stellaris 1.0
[17:56:35] [main/INFO] (FabricLoader/Mixin) SpongePowered MIXIN Subsystem Version=0.8.5 Source=file:/C:/Users/Lukeon214/.gradle/caches/modules-2/files-2.1/net.fabricmc/sponge-mixin/0.12.5+mixin.0.8.5/8d31fb97c3e0cd7c8dad3441851c523bcfae6d8e/sponge-mixin-0.12.5+mixin.0.8.5.jar Service=Knot/Fabric Env=CLIENT
[17:56:35] [main/INFO] (FabricLoader/Mixin) Loaded Fabric development mappings for mixin remapper!
[17:56:35] [main/INFO] (FabricLoader/Mixin) Compatibility level set to JAVA_17
[17:56:37] [main/INFO] (FabricLoader/MixinExtras|Service) Initializing MixinExtras via com.llamalad7.mixinextras.service.MixinExtrasServiceImpl(version=0.3.5).
[17:56:41] [Datafixer Bootstrap/INFO] (Minecraft) 198 Datafixer optimizations took 112 milliseconds
[17:56:44] [Render thread/INFO] (Minecraft) Environment: Environment[sessionHost=https://sessionserver.mojang.com, servicesHost=https://api.minecraftservices.com, name=PROD]
[17:56:44] [Render thread/INFO] (Minecraft) Setting user: Player219
[17:56:44] [Download-2/ERROR] (Minecraft) Failed to fetch user properties
com.mojang.authlib.exceptions.InvalidCredentialsException: Status: 401
	at com.mojang.authlib.exceptions.MinecraftClientHttpException.toAuthenticationException(MinecraftClientHttpException.java:59) ~[authlib-6.0.52.jar:?]
	at com.mojang.authlib.yggdrasil.YggdrasilUserApiService.fetchProperties(YggdrasilUserApiService.java:150) ~[authlib-6.0.52.jar:?]
	at net.minecraft.client.Minecraft.method_55608(Minecraft.java:467) ~[minecraft-merged-fa3090db03-1.20.4-loom.mappings.1_20_4.layered+hash.40359-v2.jar:?]
	at java.util.concurrent.CompletableFuture$AsyncSupply.run(CompletableFuture.java:1768) ~[?:?]
	at java.util.concurrent.ThreadPoolExecutor.runWorker(ThreadPoolExecutor.java:1136) ~[?:?]
	at java.util.concurrent.ThreadPoolExecutor$Worker.run(ThreadPoolExecutor.java:635) ~[?:?]
	at java.lang.Thread.run(Thread.java:840) ~[?:?]
Caused by: com.mojang.authlib.exceptions.MinecraftClientHttpException: Status: 401
	at com.mojang.authlib.minecraft.client.MinecraftClient.readInputStream(MinecraftClient.java:100) ~[authlib-6.0.52.jar:?]
	at com.mojang.authlib.minecraft.client.MinecraftClient.get(MinecraftClient.java:57) ~[authlib-6.0.52.jar:?]
	at com.mojang.authlib.yggdrasil.YggdrasilUserApiService.fetchProperties(YggdrasilUserApiService.java:121) ~[authlib-6.0.52.jar:?]
	... 5 more
[17:56:44] [Render thread/INFO] (fabric-networking-api-v1) Force Packet Serialization is enabled to mimic remote connection on single player, this is the default behaviour on dev env. Add -Dfabric-api.networking.force-packet-serialization=false JVM arg to disable it.
[17:56:45] [Render thread/INFO] (REI) [REI] Config loaded
[17:56:45] [Render thread/INFO] (NetworkManagerImpl) Registering S2C receiver with id roughlyenoughitems:request_tags_s2c
[17:56:45] [Render thread/INFO] (NetworkManagerImpl) Registering C2S receiver with id roughlyenoughitems:request_tags_c2s
[17:56:45] [Render thread/INFO] (REI) [REI] Registered plugin provider DefaultPlugin [roughlyenoughitems] for REIPlugin
[17:56:45] [Render thread/INFO] (REI) [REI] Registered plugin provider DefaultRuntimePlugin [roughlyenoughitems] for REIPlugin
[17:56:45] [Render thread/INFO] (REI) [REI] Registered plugin provider DefaultClientPlugin [roughlyenoughitems] for REIPlugin
[17:56:45] [Render thread/INFO] (REI) [REI] Registered plugin provider DefaultClientRuntimePlugin [roughlyenoughitems] for REIPlugin
[17:56:45] [Render thread/INFO] (REI) [REI] Registered plugin provider HideIngredientsFromTagsPlugin [roughlyenoughitems] for REIPlugin
[17:56:45] [Render thread/INFO] (REI) [REI] Registered plugin provider DefaultPlugin [roughlyenoughitems] for REIServerPlugin
[17:56:45] [Render thread/INFO] (REI) [REI] Registered plugin provider DefaultRuntimePlugin [roughlyenoughitems] for REIServerPlugin
[17:56:45] [Render thread/INFO] (REI) [REI] Registered plugin provider FabricFluidAPISupportPlugin for REIServerPlugin
[17:56:45] [Render thread/INFO] (REI) [REI] Registered plugin provider FabricFluidAPISupportPlugin for REIPlugin
[17:56:45] [Render thread/INFO] (NetworkManagerImpl) Registering C2S receiver with id roughlyenoughitems:delete_item
[17:56:45] [Render thread/INFO] (NetworkManagerImpl) Registering C2S receiver with id roughlyenoughitems:create_item
[17:56:45] [Render thread/INFO] (NetworkManagerImpl) Registering C2S receiver with id roughlyenoughitems:create_item_grab
[17:56:45] [Render thread/INFO] (NetworkManagerImpl) Registering C2S receiver with id roughlyenoughitems:create_item_hotbar
[17:56:45] [Render thread/INFO] (NetworkManagerImpl) Registering C2S receiver with id roughlyenoughitems:move_items
[17:56:45] [Render thread/INFO] (NetworkManagerImpl) Registering C2S receiver with id roughlyenoughitems:move_items_new
[17:56:45] [Render thread/INFO] (Indigo) [Indigo] Registering Indigo renderer!
[17:56:45] [Render thread/INFO] (NetworkManagerImpl) Registering S2C receiver with id architectury:spawn_entity_packet
[17:56:45] [Render thread/INFO] (REI) [REI] Registered plugin provider DefaultClientPlugin [roughlyenoughitems] for REIClientPlugin
[17:56:45] [Render thread/INFO] (REI) [REI] Registered plugin provider DefaultClientRuntimePlugin [roughlyenoughitems] for REIClientPlugin
[17:56:45] [Render thread/INFO] (REI) [REI] Registered plugin provider HideIngredientsFromTagsPlugin [roughlyenoughitems] for REIClientPlugin
[17:56:45] [Render thread/INFO] (NetworkManagerImpl) Registering S2C receiver with id roughlyenoughitems:ci_msg
[17:56:45] [Render thread/INFO] (NetworkManagerImpl) Registering S2C receiver with id roughlyenoughitems:og_not_enough
[17:56:46] [Render thread/INFO] (Minecraft) Backend library: LWJGL version 3.3.2-snapshot
[17:56:47] [Render thread/INFO] (Minecraft) Reloading ResourceManager: vanilla, fabric, cloth-config, fabric-api, fabric-api-base, fabric-api-lookup-api-v1, fabric-biome-api-v1, fabric-block-api-v1, fabric-block-view-api-v2, fabric-blockrenderlayer-v1, fabric-client-tags-api-v1, fabric-command-api-v1, fabric-command-api-v2, fabric-commands-v0, fabric-containers-v0, fabric-content-registries-v0, fabric-convention-tags-v1, fabric-crash-report-info-v1, fabric-data-attachment-api-v1, fabric-data-generation-api-v1, fabric-dimensions-v1, fabric-entity-events-v1, fabric-events-interaction-v0, fabric-events-lifecycle-v0, fabric-game-rule-api-v1, fabric-gametest-api-v1, fabric-item-api-v1, fabric-item-group-api-v1, fabric-key-binding-api-v1, fabric-keybindings-v0, fabric-lifecycle-events-v1, fabric-loot-api-v2, fabric-message-api-v1, fabric-mining-level-api-v1, fabric-model-loading-api-v1, fabric-models-v0, fabric-networking-api-v1, fabric-object-builder-api-v1, fabric-particles-v1, fabric-recipe-api-v1, fabric-registry-sync-v0, fabric-renderer-api-v1, fabric-renderer-indigo, fabric-renderer-registries-v1, fabric-rendering-data-attachment-v1, fabric-rendering-fluids-v1, fabric-rendering-v0, fabric-rendering-v1, fabric-resource-conditions-api-v1, fabric-resource-loader-v0, fabric-screen-api-v1, fabric-screen-handler-api-v1, fabric-sound-api-v1, fabric-transfer-api-v1, fabric-transitive-access-wideners-v1, fabricloader, generated_90d0f33, roughlyenoughitems, stellaris
[17:56:47] [Worker-Main-6/INFO] (Minecraft) Found unifont_all_no_pua-15.1.04.hex, loading
[17:56:48] [Worker-Main-11/WARN] (Minecraft) Missing textures in model stellaris:deepslate_diamond_ore#:
    minecraft:textures/atlas/blocks.png:stellaris:block/deepslate_diamond_ore
[17:56:48] [Worker-Main-11/WARN] (Minecraft) Missing textures in model stellaris:raw_steel_block#inventory:
    minecraft:textures/atlas/blocks.png:stellaris:block/raw_steel_block
[17:56:48] [Worker-Main-11/WARN] (Minecraft) Missing textures in model stellaris:rocket_station#:
    minecraft:textures/atlas/blocks.png:stellaris:block/rocket_station
[17:56:48] [Worker-Main-11/WARN] (Minecraft) Missing textures in model stellaris:deepslate_steel_ore#inventory:
    minecraft:textures/atlas/blocks.png:stellaris:block/deepslate_diamond_ore
[17:56:48] [Worker-Main-11/WARN] (Minecraft) Missing textures in model stellaris:raw_steel_block#:
    minecraft:textures/atlas/blocks.png:stellaris:block/raw_steel_block
[17:56:48] [Worker-Main-11/WARN] (Minecraft) Missing textures in model stellaris:rocket_station#inventory:
    minecraft:textures/atlas/blocks.png:stellaris:block/rocket_station
[17:56:48] [Worker-Main-11/WARN] (Minecraft) Missing textures in model stellaris:fuel_rocket_motor#inventory:
    minecraft:textures/atlas/blocks.png:stellaris:item/fuel_rocket_motor
[17:56:48] [Worker-Main-11/WARN] (Minecraft) Missing textures in model stellaris:steel_ore#:
    minecraft:textures/atlas/blocks.png:stellaris:block/steel_ore
[17:56:48] [Worker-Main-11/WARN] (Minecraft) Missing textures in model stellaris:steel_ore#inventory:
    minecraft:textures/atlas/blocks.png:stellaris:block/steel_ore
[17:56:48] [Worker-Main-11/WARN] (Minecraft) Missing textures in model stellaris:raw_steel_ingot#inventory:
    minecraft:textures/atlas/blocks.png:stellaris:item/raw_steel_ingot
[17:56:48] [Render thread/WARN] (Minecraft) Missing sound for event: minecraft:item.goat_horn.play
[17:56:48] [Render thread/WARN] (Minecraft) Missing sound for event: minecraft:entity.goat.screaming.horn_break
[17:56:48] [Render thread/WARN] (Minecraft) Missing sound for event: minecraft:entity.generic.wind_burst
[17:56:48] [Render thread/INFO] (Minecraft) OpenAL initialized on device OpenAL Soft on Headset Earphone (HyperX Virtual Surround Sound)
[17:56:48] [Render thread/INFO] (Minecraft) Sound engine started
[17:56:48] [Render thread/INFO] (Minecraft) Created: 1024x512x4 minecraft:textures/atlas/blocks.png-atlas
[17:56:48] [Render thread/INFO] (Minecraft) Created: 256x256x4 minecraft:textures/atlas/signs.png-atlas
[17:56:48] [Render thread/INFO] (Minecraft) Created: 512x512x4 minecraft:textures/atlas/shield_patterns.png-atlas
[17:56:48] [Render thread/INFO] (Minecraft) Created: 512x512x4 minecraft:textures/atlas/banner_patterns.png-atlas
[17:56:48] [Render thread/INFO] (Minecraft) Created: 1024x1024x4 minecraft:textures/atlas/armor_trims.png-atlas
[17:56:48] [Render thread/INFO] (Minecraft) Created: 128x64x4 minecraft:textures/atlas/decorated_pot.png-atlas
[17:56:48] [Render thread/INFO] (Minecraft) Created: 256x256x4 minecraft:textures/atlas/chest.png-atlas
[17:56:48] [Render thread/INFO] (Minecraft) Created: 512x256x4 minecraft:textures/atlas/shulker_boxes.png-atlas
[17:56:48] [Render thread/INFO] (Minecraft) Created: 512x256x4 minecraft:textures/atlas/beds.png-atlas
[17:56:49] [Render thread/WARN] (Minecraft) Shader rendertype_entity_translucent_emissive could not find sampler named Sampler2 in the specified shader program.
[17:56:49] [Render thread/INFO] (Minecraft) Created: 512x256x0 minecraft:textures/atlas/particles.png-atlas
[17:56:49] [Render thread/INFO] (Minecraft) Created: 256x256x0 minecraft:textures/atlas/paintings.png-atlas
[17:56:49] [Render thread/INFO] (Minecraft) Created: 128x128x0 minecraft:textures/atlas/mob_effects.png-atlas
[17:56:49] [Render thread/INFO] (Minecraft) Created: 1024x512x0 minecraft:textures/atlas/gui.png-atlas
[17:56:49] [IO-Worker-1/INFO] (Minecraft) Could not authorize you against Realms server: Invalid session id
[17:56:49] [IO-Worker-1/ERROR] (Minecraft) Couldn't connect to realms
com.mojang.realmsclient.exception.RealmsServiceException: Realms authentication error with message 'Invalid session id'
	at com.mojang.realmsclient.client.RealmsClient.execute(RealmsClient.java:447) ~[minecraft-merged-fa3090db03-1.20.4-loom.mappings.1_20_4.layered+hash.40359-v2.jar:?]
	at com.mojang.realmsclient.client.RealmsClient.clientCompatible(RealmsClient.java:232) ~[minecraft-merged-fa3090db03-1.20.4-loom.mappings.1_20_4.layered+hash.40359-v2.jar:?]
	at com.mojang.realmsclient.RealmsAvailability.method_52627(RealmsAvailability.java:45) ~[minecraft-merged-fa3090db03-1.20.4-loom.mappings.1_20_4.layered+hash.40359-v2.jar:?]
	at java.util.concurrent.CompletableFuture$AsyncSupply.run(CompletableFuture.java:1768) ~[?:?]
	at java.util.concurrent.ThreadPoolExecutor.runWorker(ThreadPoolExecutor.java:1136) ~[?:?]
	at java.util.concurrent.ThreadPoolExecutor$Worker.run(ThreadPoolExecutor.java:635) ~[?:?]
	at java.lang.Thread.run(Thread.java:840) ~[?:?]
[17:56:55] [Render thread/INFO] (Minecraft) Loaded 7 recipes
[17:56:55] [Render thread/INFO] (Minecraft) Loaded 1285 advancements
[17:56:56] [Render thread/INFO] (BiomeModificationImpl) Applied 0 biome modifications to 0 of 64 new biomes in 1.501 ms
[17:56:56] [Server thread/INFO] (Minecraft) Starting integrated minecraft server version 1.20.4
[17:56:56] [Server thread/INFO] (Minecraft) Generating keypair
[17:56:57] [Server thread/INFO] (Minecraft) Preparing start region for dimension minecraft:overworld
[17:56:59] [Render thread/INFO] (Minecraft) Preparing spawn area: 0%
[17:56:59] [Render thread/INFO] (Minecraft) Preparing spawn area: 0%
[17:56:59] [Render thread/INFO] (Minecraft) Preparing spawn area: 0%
[17:56:59] [Render thread/INFO] (Minecraft) Preparing spawn area: 0%
[17:56:59] [Render thread/INFO] (Minecraft) Preparing spawn area: 0%
[17:56:59] [Render thread/INFO] (Minecraft) Preparing spawn area: 9%
[17:57:00] [Render thread/INFO] (Minecraft) Time elapsed: 2877 ms
[17:57:00] [Server thread/INFO] (Minecraft) Changing view distance to 12, from 10
[17:57:00] [Server thread/INFO] (Minecraft) Changing simulation distance to 12, from 0
[17:57:01] [Server thread/INFO] (Minecraft) Player219[local:E:318cceb2] logged in with entity id 189 at (-6.412407976618095, 69.0, 126.36063445520932)
[17:57:01] [Server thread/INFO] (Minecraft) Player219 joined the game
[17:57:01] [REI-ReloadPlugins/INFO] (REI) [REI] ----------------------------------------
[17:57:01] [REI-ReloadPlugins/INFO] (REI) [REI] REIPlugin starting main-reload for START.
[17:57:01] [REI-ReloadPlugins/INFO] (REI) [REI] Plugins (6):
[17:57:01] [REI-ReloadPlugins/INFO] (REI) [REI]  - (-100.00) DefaultClientPlugin of DefaultClientPlugin [roughlyenoughitems]
[17:57:01] [REI-ReloadPlugins/INFO] (REI) [REI]  - (-100.00) DefaultPlugin of DefaultPlugin [roughlyenoughitems]
[17:57:01] [REI-ReloadPlugins/INFO] (REI) [REI]  - (0.00) FabricFluidAPISupportPlugin
[17:57:01] [REI-ReloadPlugins/INFO] (REI) [REI]  - (0.00) HideIngredientsFromTagsPlugin of HideIngredientsFromTagsPlugin [roughlyenoughitems]
[17:57:01] [REI-ReloadPlugins/INFO] (REI) [REI]  - (0.00) DefaultClientRuntimePlugin of DefaultClientRuntimePlugin [roughlyenoughitems]
[17:57:01] [REI-ReloadPlugins/INFO] (REI) [REI]  - (0.00) DefaultRuntimePlugin of DefaultRuntimePlugin [roughlyenoughitems]
[17:57:01] [REI-ReloadPlugins/INFO] (REI) [REI] ----------------------------------------
[17:57:01] [REI-ReloadPlugins/INFO] (REI) [REI] @@@@@@@@@@@@@@@@@@@@@@@@@@@@@@@@@@@@@@@@
[17:57:01] [REI-ReloadPlugins/INFO] (REI) [REI] REIClientPlugin starting main-reload for START.
[17:57:01] [REI-ReloadPlugins/INFO] (REI) [REI] Plugins (3):
[17:57:01] [REI-ReloadPlugins/INFO] (REI) [REI]  - (-100.00) DefaultClientPlugin of DefaultClientPlugin [roughlyenoughitems]
[17:57:01] [REI-ReloadPlugins/INFO] (REI) [REI]  - (0.00) HideIngredientsFromTagsPlugin of HideIngredientsFromTagsPlugin [roughlyenoughitems]
[17:57:01] [REI-ReloadPlugins/INFO] (REI) [REI]  - (0.00) DefaultClientRuntimePlugin of DefaultClientRuntimePlugin [roughlyenoughitems]
[17:57:01] [REI-ReloadPlugins/INFO] (REI) [REI] @@@@@@@@@@@@@@@@@@@@@@@@@@@@@@@@@@@@@@@@
[17:57:01] [Render thread/INFO] (Minecraft) Loaded 4 advancements
[17:57:01] [REI-ReloadPlugins/INFO] (REI) [REI] OOOOOOOOOOOOOOOOOOOOOOOOOOOOOOOOOOOOOOOO
[17:57:01] [REI-ReloadPlugins/INFO] (REI) [REI] REIServerPlugin starting main-reload for START.
[17:57:01] [REI-ReloadPlugins/INFO] (REI) [REI] Plugins (3):
[17:57:01] [REI-ReloadPlugins/INFO] (REI) [REI]  - (-100.00) DefaultPlugin of DefaultPlugin [roughlyenoughitems]
[17:57:01] [REI-ReloadPlugins/INFO] (REI) [REI]  - (0.00) FabricFluidAPISupportPlugin
[17:57:01] [REI-ReloadPlugins/INFO] (REI) [REI]  - (0.00) DefaultRuntimePlugin of DefaultRuntimePlugin [roughlyenoughitems]
[17:57:01] [REI-ReloadPlugins/INFO] (REI) [REI] OOOOOOOOOOOOOOOOOOOOOOOOOOOOOOOOOOOOOOOO
[17:57:01] [REI-ReloadPlugins/INFO] (REI) [REI] REIPlugin finished post-reload for START in 1.581 ms, totaling 65.37 ms.
[17:57:01] [REI-ReloadPlugins/INFO] (REI) [REI] REIClientPlugin finished post-reload for START in 1.545 ms, totaling 265.4 ms.
[17:57:01] [REI-ReloadPlugins/INFO] (REI) [REI] REIServerPlugin finished post-reload for START in 418.5 ?s, totaling 4.211 ms.
[17:57:02] [REI-ReloadPlugins/INFO] (REI) [REI] ----------------------------------------
[17:57:02] [REI-ReloadPlugins/INFO] (REI) [REI] REIPlugin starting main-reload for END.
[17:57:02] [REI-ReloadPlugins/INFO] (REI) [REI] Plugins (6):
[17:57:02] [REI-ReloadPlugins/INFO] (REI) [REI]  - (-100.00) DefaultClientPlugin of DefaultClientPlugin [roughlyenoughitems]
[17:57:02] [REI-ReloadPlugins/INFO] (REI) [REI]  - (-100.00) DefaultPlugin of DefaultPlugin [roughlyenoughitems]
[17:57:02] [REI-ReloadPlugins/INFO] (REI) [REI]  - (0.00) FabricFluidAPISupportPlugin
[17:57:02] [REI-ReloadPlugins/INFO] (REI) [REI]  - (0.00) HideIngredientsFromTagsPlugin of HideIngredientsFromTagsPlugin [roughlyenoughitems]
[17:57:02] [REI-ReloadPlugins/INFO] (REI) [REI]  - (0.00) DefaultClientRuntimePlugin of DefaultClientRuntimePlugin [roughlyenoughitems]
[17:57:02] [REI-ReloadPlugins/INFO] (REI) [REI]  - (0.00) DefaultRuntimePlugin of DefaultRuntimePlugin [roughlyenoughitems]
[17:57:02] [REI-ReloadPlugins/INFO] (REI) [REI] ----------------------------------------
[17:57:02] [REI-ReloadPlugins/INFO] (REI) [REI] ========================================
[17:57:02] [REI-ReloadPlugins/INFO] (REI) [REI] REIClientPlugin starting main-reload for END.
[17:57:02] [REI-ReloadPlugins/INFO] (REI) [REI] Plugins (3):
[17:57:02] [REI-ReloadPlugins/INFO] (REI) [REI]  - (-100.00) DefaultClientPlugin of DefaultClientPlugin [roughlyenoughitems]
[17:57:02] [REI-ReloadPlugins/INFO] (REI) [REI]  - (0.00) HideIngredientsFromTagsPlugin of HideIngredientsFromTagsPlugin [roughlyenoughitems]
[17:57:02] [REI-ReloadPlugins/INFO] (REI) [REI]  - (0.00) DefaultClientRuntimePlugin of DefaultClientRuntimePlugin [roughlyenoughitems]
[17:57:02] [REI-ReloadPlugins/INFO] (REI) [REI] ========================================
[17:57:02] [REI-ReloadPlugins/INFO] (REI) [REI] %%%%%%%%%%%%%%%%%%%%%%%%%%%%%%%%%%%%%%%%
[17:57:02] [REI-ReloadPlugins/INFO] (REI) [REI] REIServerPlugin starting main-reload for END.
[17:57:02] [REI-ReloadPlugins/INFO] (REI) [REI] Plugins (3):
[17:57:02] [REI-ReloadPlugins/INFO] (REI) [REI]  - (-100.00) DefaultPlugin of DefaultPlugin [roughlyenoughitems]
[17:57:02] [REI-ReloadPlugins/INFO] (REI) [REI]  - (0.00) FabricFluidAPISupportPlugin
[17:57:02] [REI-ReloadPlugins/INFO] (REI) [REI]  - (0.00) DefaultRuntimePlugin of DefaultRuntimePlugin [roughlyenoughitems]
[17:57:02] [REI-ReloadPlugins/INFO] (REI) [REI] %%%%%%%%%%%%%%%%%%%%%%%%%%%%%%%%%%%%%%%%
[17:57:02] [REI-ReloadPlugins/INFO] (REI) [REI] REIPlugin finished post-reload for END in 967.6 ?s, totaling 65.13 ms.
[17:57:02] [REI-ReloadPlugins/INFO] (REI) [REI] REIClientPlugin finished post-reload for END in 978.9 ?s, totaling 481.4 ms.
[17:57:02] [REI-ReloadPlugins/INFO] (REI) [REI] REIServerPlugin finished post-reload for END in 391.9 ?s, totaling 8.894 ms.
[17:57:17] [Server thread/INFO] (Minecraft) [Player219: Summoned new Firework Rocket]
[17:57:17] [Render thread/INFO] (Minecraft) [System] [CHAT] Summoned new Firework Rocket
[17:57:19] [Server thread/INFO] (Minecraft) [Player219: Summoned new Firework Rocket]
[17:57:19] [Render thread/INFO] (Minecraft) [System] [CHAT] Summoned new Firework Rocket
[17:57:20] [Server thread/INFO] (Minecraft) [Player219: Summoned new Firework Rocket]
[17:57:20] [Render thread/INFO] (Minecraft) [System] [CHAT] Summoned new Firework Rocket
[17:57:20] [Server thread/INFO] (Minecraft) [Player219: Summoned new Firework Rocket]
[17:57:20] [Render thread/INFO] (Minecraft) [System] [CHAT] Summoned new Firework Rocket
[17:57:24] [Server thread/INFO] (Minecraft) [Player219: Summoned new Firework Rocket]
[17:57:24] [Render thread/INFO] (Minecraft) [System] [CHAT] Summoned new Firework Rocket
[17:58:30] [Server thread/INFO] (Minecraft) Saving and pausing game...
[17:58:30] [Server thread/INFO] (Minecraft) Saving chunks for level 'ServerLevel[New World]'/minecraft:overworld
[17:58:30] [Server thread/INFO] (Minecraft) Saving chunks for level 'ServerLevel[New World]'/minecraft:the_end
[17:58:30] [Server thread/INFO] (Minecraft) Saving chunks for level 'ServerLevel[New World]'/minecraft:the_nether
[17:58:30] [Server thread/INFO] (Minecraft) Player219 lost connection: Disconnected
[17:58:30] [Server thread/INFO] (Minecraft) Player219 left the game
[17:58:30] [Server thread/INFO] (Minecraft) Stopping singleplayer server as player logged out
[17:58:31] [Server thread/INFO] (Minecraft) Stopping server
[17:58:31] [Server thread/INFO] (Minecraft) Saving players
[17:58:31] [Server thread/INFO] (Minecraft) Saving worlds
[17:58:31] [Server thread/INFO] (Minecraft) Saving chunks for level 'ServerLevel[New World]'/minecraft:overworld
[17:58:31] [Server thread/INFO] (Minecraft) Saving chunks for level 'ServerLevel[New World]'/minecraft:the_end
[17:58:31] [Server thread/INFO] (Minecraft) Saving chunks for level 'ServerLevel[New World]'/minecraft:the_nether
[17:58:31] [Server thread/INFO] (Minecraft) ThreadedAnvilChunkStorage (New World): All chunks are saved
[17:58:31] [Server thread/INFO] (Minecraft) ThreadedAnvilChunkStorage (DIM1): All chunks are saved
[17:58:31] [Server thread/INFO] (Minecraft) ThreadedAnvilChunkStorage (DIM-1): All chunks are saved
[17:58:31] [Server thread/INFO] (Minecraft) ThreadedAnvilChunkStorage: All dimensions are saved
[17:58:32] [Render thread/INFO] (Minecraft) Stopping!
